Using pre-set license
Built from '2020.2/release' branch; Version is '2020.2.4f1 (becced5a802b) revision 12504301'; Using compiler version '192528614'; Build Type 'Release'
OS: 'Windows 10 Home; OS build 19045.4170; Version 2009; 64bit' Language: 'es' Physical Memory: 7103 MB
BatchMode: 1, IsHumanControllingUs: 0, StartBugReporterOnCrash: 0, Is64bit: 1, IsPro: 0

 COMMAND LINE ARGUMENTS:
D:\unity\Unity Hub\editor\2020.2.4f1\Editor\Unity.exe
-adb2
-batchMode
-noUpm
-name
AssetImportWorker0
-projectPath
D:/GitHub/Roll-a-ball/Roll-a-ball
-logFile
Logs/AssetImportWorker0.log
-srvPort
60659
Successfully changed project path to: D:/GitHub/Roll-a-ball/Roll-a-ball
D:/GitHub/Roll-a-ball/Roll-a-ball
Using Asset Import Pipeline V2.
Refreshing native plugins compatible for Editor in 4.67 ms, found 0 plugins.
Preloading 0 native plugins for Editor in 0.00 ms.
Initialize engine version: 2020.2.4f1 (becced5a802b)
[Subsystems] Discovering subsystems at path D:/unity/Unity Hub/editor/2020.2.4f1/Editor/Data/Resources/UnitySubsystems
[Subsystems] Discovering subsystems at path D:/GitHub/Roll-a-ball/Roll-a-ball/Assets
GfxDevice: creating device client; threaded=0
Direct3D:
    Version:  Direct3D 11.0 [level 11.1]
    Renderer: AMD Radeon(TM) Vega 8 Graphics (ID=0x15d8)
    Vendor:   
    VRAM:     3551 MB
    Driver:   26.20.11030.14002
Initialize mono
Mono path[0] = 'D:/unity/Unity Hub/editor/2020.2.4f1/Editor/Data/Managed'
Mono path[1] = 'D:/unity/Unity Hub/editor/2020.2.4f1/Editor/Data/MonoBleedingEdge/lib/mono/unityjit'
Mono config path = 'D:/unity/Unity Hub/editor/2020.2.4f1/Editor/Data/MonoBleedingEdge/etc'
Using monoOptions --debugger-agent=transport=dt_socket,embedding=1,server=y,suspend=n,address=127.0.0.1:56320
Begin MonoManager ReloadAssembly
Registering precompiled unity dll's ...
Register platform support module: D:/unity/Unity Hub/editor/2020.2.4f1/Editor/Data/PlaybackEngines/WindowsStandaloneSupport/UnityEditor.WindowsStandalone.Extensions.dll
Registered in 0.004851 seconds.
Native extension for WindowsStandalone target not found
Refreshing native plugins compatible for Editor in 3.15 ms, found 0 plugins.
Preloading 0 native plugins for Editor in 0.00 ms.
Invoked RoslynAnalysisRunner static constructor.
RoslynAnalysisRunner will not be running.
RoslynAnalysisRunner has terminated.
Mono: successfully reloaded assembly
- Completed reload, in  6.279 seconds
Platform modules already initialized, skipping
Registering precompiled user dll's ...
Registered in 0.000074 seconds.
Begin MonoManager ReloadAssembly
Native extension for WindowsStandalone target not found
Refreshing native plugins compatible for Editor in 0.07 ms, found 0 plugins.
Preloading 0 native plugins for Editor in 0.00 ms.
Invoked RoslynAnalysisRunner static constructor.
RoslynAnalysisRunner will not be running.
RoslynAnalysisRunner has terminated.
Mono: successfully reloaded assembly
- Completed reload, in  3.285 seconds
Platform modules already initialized, skipping
========================================================================
Worker process is ready to serve import requests
Launched and connected shader compiler UnityShaderCompiler.exe after 0.20 seconds
Refreshing native plugins compatible for Editor in 0.06 ms, found 0 plugins.
Preloading 0 native plugins for Editor in 0.00 ms.
Unloading 10 Unused Serialized files (Serialized files now loaded: 0)
System memory in use before: 24.3 MB.
System memory in use after: 24.3 MB.

Unloading 2 unused Assets to reduce memory usage. Loaded Objects now: 449.
Total: 3.729400 ms (FindLiveObjects: 0.149500 ms CreateObjectMapping: 0.012200 ms MarkObjects: 3.440200 ms  DeleteObjects: 0.122300 ms)

========================================================================
Received Import Request.
  path: Assets/Readme.asset
  artifactKey: Guid(83c2ed844a8c74b779a4c823d16594b1) Importer(815301076,1909f56bfc062723c751e8b465ee728b)
Start importing Assets/Readme.asset using Guid(83c2ed844a8c74b779a4c823d16594b1) Importer(815301076,1909f56bfc062723c751e8b465ee728b)  -> (artifact id: 'e458a42bb815437a9f5082db1582f05d') in 0.108778 seconds
  Import took 0.109984 seconds .

========================================================================
Received Prepare
Registering precompiled user dll's ...
Registered in 0.003457 seconds.
Begin MonoManager ReloadAssembly
Native extension for WindowsStandalone target not found
Refreshing native plugins compatible for Editor in 66.51 ms, found 0 plugins.
Preloading 0 native plugins for Editor in 0.00 ms.
Invoked RoslynAnalysisRunner static constructor.
RoslynAnalysisRunner will not be running.
RoslynAnalysisRunner has terminated.
Mono: successfully reloaded assembly
- Completed reload, in  1.770 seconds
Platform modules already initialized, skipping
Shader 'Universal Render Pipeline/Particles/Lit': fallback shader 'Universal Render Pipeline/Particles/SimpleLit' not found
Shader 'Universal Render Pipeline/Particles/Lit': fallback shader 'Universal Render Pipeline/Particles/SimpleLit' not found
Refreshing native plugins compatible for Editor in 0.81 ms, found 0 plugins.
Preloading 0 native plugins for Editor in 0.00 ms.
Unloading 2356 Unused Serialized files (Serialized files now loaded: 0)
System memory in use before: 105.1 MB.
System memory in use after: 101.8 MB.

Unloading 59 unused Assets to reduce memory usage. Loaded Objects now: 2747.
Total: 11.896100 ms (FindLiveObjects: 1.046400 ms CreateObjectMapping: 0.672300 ms MarkObjects: 5.233700 ms  DeleteObjects: 4.938300 ms)

========================================================================
Received Import Request.
  Time since last request: 316.298617 seconds.
  path: Assets/Scenes
  artifactKey: Guid(ec4b48bb3e172be48a3d7ba582c99ee2) Importer(815301076,1909f56bfc062723c751e8b465ee728b)
Start importing Assets/Scenes using Guid(ec4b48bb3e172be48a3d7ba582c99ee2) Importer(815301076,1909f56bfc062723c751e8b465ee728b)  -> (artifact id: 'be209b94f07ac4f407488faa498d0845') in 0.014462 seconds
  Import took 0.026120 seconds .

========================================================================
Received Import Request.
  Time since last request: 0.008374 seconds.
  path: Assets/Scenes
  artifactKey: Guid(ec4b48bb3e172be48a3d7ba582c99ee2) Importer(815301076,1909f56bfc062723c751e8b465ee728b)
Start importing Assets/Scenes using Guid(ec4b48bb3e172be48a3d7ba582c99ee2) Importer(815301076,1909f56bfc062723c751e8b465ee728b)  -> (artifact id: 'be209b94f07ac4f407488faa498d0845') in 0.007102 seconds
  Import took 0.016987 seconds .

========================================================================
Received Import Request.
  Time since last request: 81.114632 seconds.
  path: Assets
  artifactKey: Guid(00000000000000001000000000000000) Importer(815301076,1909f56bfc062723c751e8b465ee728b)
Start importing Assets using Guid(00000000000000001000000000000000) Importer(815301076,1909f56bfc062723c751e8b465ee728b)  -> (artifact id: 'edc3feb264a98656617d3c2cb59c8f16') in 0.003512 seconds
  Import took 0.018159 seconds .

========================================================================
Received Import Request.
  Time since last request: 12.569428 seconds.
  path: Assets/Template
  artifactKey: Guid(31b45334e2dcd5a42b1acd4d231d33fe) Importer(815301076,1909f56bfc062723c751e8b465ee728b)
Start importing Assets/Template using Guid(31b45334e2dcd5a42b1acd4d231d33fe) Importer(815301076,1909f56bfc062723c751e8b465ee728b)  -> (artifact id: '3452016777e7e9b8a318cfd9c0e924dd') in 0.005516 seconds
  Import took 0.014354 seconds .

========================================================================
Received Import Request.
  Time since last request: 3.844227 seconds.
  path: Assets/ExampleAssets
  artifactKey: Guid(990f5c2df70993f4987a388ca178996a) Importer(815301076,1909f56bfc062723c751e8b465ee728b)
Start importing Assets/ExampleAssets using Guid(990f5c2df70993f4987a388ca178996a) Importer(815301076,1909f56bfc062723c751e8b465ee728b)  -> (artifact id: 'f272dcc14a2efea2689e40adc6cf5ad3') in 0.008824 seconds
  Import took 0.017760 seconds .

========================================================================
Received Import Request.
  Time since last request: 5.171811 seconds.
  path: Assets/Scripts
  artifactKey: Guid(02a3527b6b33a924e8ec66aa805ea717) Importer(815301076,1909f56bfc062723c751e8b465ee728b)
Start importing Assets/Scripts using Guid(02a3527b6b33a924e8ec66aa805ea717) Importer(815301076,1909f56bfc062723c751e8b465ee728b)  -> (artifact id: '8b355bd5aa27b36226c6643d416f2f36') in 0.006247 seconds
  Import took 0.017466 seconds .

========================================================================
Received Prepare
Registering precompiled user dll's ...
Registered in 0.003239 seconds.
Begin MonoManager ReloadAssembly
Native extension for WindowsStandalone target not found
Refreshing native plugins compatible for Editor in 1.02 ms, found 0 plugins.
Preloading 0 native plugins for Editor in 0.00 ms.
Invoked RoslynAnalysisRunner static constructor.
RoslynAnalysisRunner will not be running.
RoslynAnalysisRunner has terminated.
Mono: successfully reloaded assembly
- Completed reload, in  2.122 seconds
Platform modules already initialized, skipping
Shader 'Universal Render Pipeline/Particles/Lit': fallback shader 'Universal Render Pipeline/Particles/SimpleLit' not found
Shader 'Universal Render Pipeline/Particles/Lit': fallback shader 'Universal Render Pipeline/Particles/SimpleLit' not found
Refreshing native plugins compatible for Editor in 0.57 ms, found 0 plugins.
Preloading 0 native plugins for Editor in 0.00 ms.
Unloading 2353 Unused Serialized files (Serialized files now loaded: 0)
System memory in use before: 105.3 MB.
System memory in use after: 102.0 MB.

Unloading 60 unused Assets to reduce memory usage. Loaded Objects now: 2749.
Total: 10.224700 ms (FindLiveObjects: 0.457000 ms CreateObjectMapping: 0.178400 ms MarkObjects: 4.701200 ms  DeleteObjects: 4.883600 ms)

========================================================================
Received Import Request.
  Time since last request: 16.761273 seconds.
  path: Assets/Template/TutorialInfo
  artifactKey: Guid(49110bb8dcada46328ad741970bce702) Importer(815301076,1909f56bfc062723c751e8b465ee728b)
Start importing Assets/Template/TutorialInfo using Guid(49110bb8dcada46328ad741970bce702) Importer(815301076,1909f56bfc062723c751e8b465ee728b)  -> (artifact id: '86eafc180bb4e2dd584f4fa6ba700342') in 0.013365 seconds
  Import took 0.021693 seconds .

========================================================================
Received Prepare
Registering precompiled user dll's ...
Registered in 0.003173 seconds.
Begin MonoManager ReloadAssembly
Native extension for WindowsStandalone target not found
Refreshing native plugins compatible for Editor in 1.36 ms, found 0 plugins.
Preloading 0 native plugins for Editor in 0.00 ms.
Invoked RoslynAnalysisRunner static constructor.
RoslynAnalysisRunner will not be running.
RoslynAnalysisRunner has terminated.
Mono: successfully reloaded assembly
- Completed reload, in  2.094 seconds
Platform modules already initialized, skipping
Shader 'Universal Render Pipeline/Particles/Lit': fallback shader 'Universal Render Pipeline/Particles/SimpleLit' not found
Shader 'Universal Render Pipeline/Particles/Lit': fallback shader 'Universal Render Pipeline/Particles/SimpleLit' not found
Refreshing native plugins compatible for Editor in 1.47 ms, found 0 plugins.
Preloading 0 native plugins for Editor in 0.00 ms.
Unloading 2353 Unused Serialized files (Serialized files now loaded: 0)
System memory in use before: 105.3 MB.
System memory in use after: 102.1 MB.

Unloading 60 unused Assets to reduce memory usage. Loaded Objects now: 2751.
Total: 13.929300 ms (FindLiveObjects: 0.887800 ms CreateObjectMapping: 0.408500 ms MarkObjects: 6.333100 ms  DeleteObjects: 6.294800 ms)

========================================================================
Received Import Request.
  Time since last request: 75.635932 seconds.
  path: Assets/Scene
  artifactKey: Guid(df190bc1e6e97ad4e9349d7d76043e21) Importer(815301076,1909f56bfc062723c751e8b465ee728b)
Start importing Assets/Scene using Guid(df190bc1e6e97ad4e9349d7d76043e21) Importer(815301076,1909f56bfc062723c751e8b465ee728b)  -> (artifact id: '349cfa5ec167c0480eec39e558d57f41') in 0.013767 seconds
  Import took 0.025275 seconds .

========================================================================
Received Import Request.
  Time since last request: 0.009975 seconds.
  path: Assets/Scene
  artifactKey: Guid(df190bc1e6e97ad4e9349d7d76043e21) Importer(815301076,1909f56bfc062723c751e8b465ee728b)
Start importing Assets/Scene using Guid(df190bc1e6e97ad4e9349d7d76043e21) Importer(815301076,1909f56bfc062723c751e8b465ee728b)  -> (artifact id: '349cfa5ec167c0480eec39e558d57f41') in 0.006128 seconds
  Import took 0.014134 seconds .

========================================================================
Received Import Request.
  Time since last request: 1339.994832 seconds.
  path: Assets/Materials
  artifactKey: Guid(93cf001f83e952b41ab3dedb53b9c92e) Importer(815301076,1909f56bfc062723c751e8b465ee728b)
Start importing Assets/Materials using Guid(93cf001f83e952b41ab3dedb53b9c92e) Importer(815301076,1909f56bfc062723c751e8b465ee728b)  -> (artifact id: 'ae2ac4663fe2d709bfb7e98d8fcf56a1') in 0.013316 seconds
  Import took 0.020527 seconds .

========================================================================
Received Import Request.
  Time since last request: 14.698484 seconds.
  path: Assets/Materials/New Material.mat
  artifactKey: Guid(1c13446d9244ad6428b93c9c131df49f) Importer(815301076,1909f56bfc062723c751e8b465ee728b)
Start importing Assets/Materials/New Material.mat using Guid(1c13446d9244ad6428b93c9c131df49f) Importer(815301076,1909f56bfc062723c751e8b465ee728b)  -> (artifact id: 'c1721ca4eccd2db3d93d4e732ac7ca9c') in 0.298878 seconds
  Import took 0.306266 seconds .

========================================================================
Received Import Request.
  Time since last request: 216.990534 seconds.
  path: Assets/Materials/Background.mat
  artifactKey: Guid(1c13446d9244ad6428b93c9c131df49f) Importer(815301076,1909f56bfc062723c751e8b465ee728b)
Start importing Assets/Materials/Background.mat using Guid(1c13446d9244ad6428b93c9c131df49f) Importer(815301076,1909f56bfc062723c751e8b465ee728b)  -> (artifact id: '3e68f9af944cb8f164aa56f7d0d3bf08') in 0.030369 seconds
  Import took 0.038462 seconds .

========================================================================
Received Import Request.
  Time since last request: 0.000728 seconds.
  path: Assets/Materials/New Material.mat
  artifactKey: Guid(6ae7fcb4ffa38da448a2818f3630cf2f) Importer(815301076,1909f56bfc062723c751e8b465ee728b)
Start importing Assets/Materials/New Material.mat using Guid(6ae7fcb4ffa38da448a2818f3630cf2f) Importer(815301076,1909f56bfc062723c751e8b465ee728b)  -> (artifact id: '7504114a1aa44bf5614a9a8a23a157f0') in 0.027092 seconds
  Import took 0.036548 seconds .

========================================================================
Received Prepare
Registering precompiled user dll's ...
Registered in 0.002335 seconds.
Begin MonoManager ReloadAssembly
Native extension for WindowsStandalone target not found
Refreshing native plugins compatible for Editor in 103.41 ms, found 0 plugins.
Preloading 0 native plugins for Editor in 0.00 ms.
Invoked RoslynAnalysisRunner static constructor.
RoslynAnalysisRunner will not be running.
RoslynAnalysisRunner has terminated.
Mono: successfully reloaded assembly
- Completed reload, in  2.155 seconds
Platform modules already initialized, skipping
Shader 'Universal Render Pipeline/Particles/Lit': fallback shader 'Universal Render Pipeline/Particles/SimpleLit' not found
Shader 'Universal Render Pipeline/Particles/Lit': fallback shader 'Universal Render Pipeline/Particles/SimpleLit' not found
Refreshing native plugins compatible for Editor in 0.84 ms, found 0 plugins.
Preloading 0 native plugins for Editor in 0.00 ms.
Unloading 2649 Unused Serialized files (Serialized files now loaded: 0)
System memory in use before: 118.1 MB.
System memory in use after: 114.9 MB.

Unloading 58 unused Assets to reduce memory usage. Loaded Objects now: 3089.
Total: 7.315200 ms (FindLiveObjects: 1.481600 ms CreateObjectMapping: 0.546600 ms MarkObjects: 2.661200 ms  DeleteObjects: 2.618800 ms)

AssetImportParameters requested are different than current active one (requested -> active):
  custom:srp/default-shader: 0000e00a000e0de00000e000e0000000 -> 00a0da0d000000000000000000000000
AssetImportWorkerClient::OnTransportError - code=2 error=End of file
